Using pre-set license
Built from '2020.2/staging' branch; Version is '2020.2.3f1 (8ff31bc5bf5b) revision 9433883'; Using compiler version '192528614'; Build Type 'Release'
OS: 'Windows 10 Home; OS build 22621.1105; Version 2009; 64bit' Language: 'en' Physical Memory: 15613 MB
BatchMode: 1, IsHumanControllingUs: 0, StartBugReporterOnCrash: 0, Is64bit: 1, IsPro: 0

 COMMAND LINE ARGUMENTS:
C:\Program Files\Unity\Hub\Editor\2020.2.3f1\Editor\Unity.exe
-adb2
-batchMode
-noUpm
-name
AssetImportWorker1
-projectPath
C:/Schoolstuff/Space2.0
-logFile
Logs/AssetImportWorker1.log
-srvPort
57467
Successfully changed project path to: C:/Schoolstuff/Space2.0
C:/Schoolstuff/Space2.0
Using Asset Import Pipeline V2.
Refreshing native plugins compatible for Editor in 40.41 ms, found 0 plugins.
Preloading 0 native plugins for Editor in 0.00 ms.
Initialize engine version: 2020.2.3f1 (8ff31bc5bf5b)
[Subsystems] Discovering subsystems at path C:/Program Files/Unity/Hub/Editor/2020.2.3f1/Editor/Data/Resources/UnitySubsystems
[Subsystems] Discovering subsystems at path C:/Schoolstuff/Space2.0/Assets
GfxDevice: creating device client; threaded=0
Direct3D:
    Version:  Direct3D 11.0 [level 11.1]
    Renderer: NVIDIA GeForce RTX 3070 Laptop GPU (ID=0x249d)
    Vendor:   
    VRAM:     8033 MB
    Driver:   31.0.15.2686
Shader 'Universal Render Pipeline/Particles/Lit': fallback shader 'Universal Render Pipeline/Particles/SimpleLit' not found
Initialize mono
Mono path[0] = 'C:/Program Files/Unity/Hub/Editor/2020.2.3f1/Editor/Data/Managed'
Mono path[1] = 'C:/Program Files/Unity/Hub/Editor/2020.2.3f1/Editor/Data/MonoBleedingEdge/lib/mono/unityjit'
Mono config path = 'C:/Program Files/Unity/Hub/Editor/2020.2.3f1/Editor/Data/MonoBleedingEdge/etc'
Using monoOptions --debugger-agent=transport=dt_socket,embedding=1,server=y,suspend=n,address=127.0.0.1:56560
Begin MonoManager ReloadAssembly
Registering precompiled unity dll's ...
Register platform support module: C:/Program Files/Unity/Hub/Editor/2020.2.3f1/Editor/Data/PlaybackEngines/WindowsStandaloneSupport/UnityEditor.WindowsStandalone.Extensions.dll
Registered in 0.001725 seconds.
Native extension for WindowsStandalone target not found
Refreshing native plugins compatible for Editor in 39.06 ms, found 0 plugins.
Preloading 0 native plugins for Editor in 0.00 ms.
Invoked RoslynAnalysisRunner static constructor.
RoslynAnalysisRunner will not be running.
RoslynAnalysisRunner has terminated.
Mono: successfully reloaded assembly
- Completed reload, in  0.898 seconds
Platform modules already initialized, skipping
Registering precompiled user dll's ...
Registered in 0.001471 seconds.
Begin MonoManager ReloadAssembly
Native extension for WindowsStandalone target not found
Refreshing native plugins compatible for Editor in 44.81 ms, found 0 plugins.
Preloading 0 native plugins for Editor in 0.00 ms.
Invoked RoslynAnalysisRunner static constructor.
RoslynAnalysisRunner will not be running.
RoslynAnalysisRunner has terminated.
Mono: successfully reloaded assembly
- Completed reload, in  1.578 seconds
Platform modules already initialized, skipping
========================================================================
Worker process is ready to serve import requests
Shader 'Universal Render Pipeline/Particles/Lit': fallback shader 'Universal Render Pipeline/Particles/SimpleLit' not found
Launched and connected shader compiler UnityShaderCompiler.exe after 0.09 seconds
Refreshing native plugins compatible for Editor in 0.73 ms, found 0 plugins.
Preloading 0 native plugins for Editor in 0.00 ms.
Unloading 2840 Unused Serialized files (Serialized files now loaded: 0)
System memory in use before: 129.7 MB.
System memory in use after: 129.9 MB.

Unloading 91 unused Assets to reduce memory usage. Loaded Objects now: 3278.
Total: 4.178700 ms (FindLiveObjects: 0.844800 ms CreateObjectMapping: 0.155000 ms MarkObjects: 2.998300 ms  DeleteObjects: 0.179300 ms)

========================================================================
Received Import Request.
  path: Assets/Scenes/Edmiller
  artifactKey: Guid(c349216dc0099a64c97218f9af6aec50) Importer(815301076,1909f56bfc062723c751e8b465ee728b)
Start importing Assets/Scenes/Edmiller using Guid(c349216dc0099a64c97218f9af6aec50) Importer(815301076,1909f56bfc062723c751e8b465ee728b)  -> (artifact id: 'ad9dab39c13a45cf3026fe9fc37152c4') in 0.010214 seconds
  Import took 0.015050 seconds .

========================================================================
Received Import Request.
  Time since last request: 0.000445 seconds.
  path: Assets/Scenes/Edmiller/NavMesh.asset
  artifactKey: Guid(262f8b868d022ca4e83b9488a884bbb4) Importer(815301076,1909f56bfc062723c751e8b465ee728b)
Start importing Assets/Scenes/Edmiller/NavMesh.asset using Guid(262f8b868d022ca4e83b9488a884bbb4) Importer(815301076,1909f56bfc062723c751e8b465ee728b)  -> (artifact id: 'a6e71a7f3873f11a5553e31d3e8e4bd7') in 0.037983 seconds
  Import took 0.042055 seconds .

========================================================================
Received Import Request.
  Time since last request: 0.000214 seconds.
  path: Assets/Scenes/Edmiller/ReflectionProbe-0.exr
  artifactKey: Guid(be91de2eaa4d59645ae773dd3d0bfcbe) Importer(815301076,1909f56bfc062723c751e8b465ee728b)
Start importing Assets/Scenes/Edmiller/ReflectionProbe-0.exr using Guid(be91de2eaa4d59645ae773dd3d0bfcbe) Importer(815301076,1909f56bfc062723c751e8b465ee728b)  -> (artifact id: '7103825588e3e15ff958355f3bc4bc8f') in 0.074879 seconds
  Import took 0.079779 seconds .

========================================================================
Received Import Request.
  Time since last request: 0.000255 seconds.
  path: Assets/Scenes/Edmiller/LightingData.asset
  artifactKey: Guid(8fd883ae461ca5f42b8cd6c76c5f4d10) Importer(815301076,1909f56bfc062723c751e8b465ee728b)
Start importing Assets/Scenes/Edmiller/LightingData.asset using Guid(8fd883ae461ca5f42b8cd6c76c5f4d10) Importer(815301076,1909f56bfc062723c751e8b465ee728b)  -> (artifact id: '2430e7fd4f9ab9e84d46326bbc4627d4') in 0.012940 seconds
  Import took 0.017341 seconds .

========================================================================
Received Import Request.
  Time since last request: 0.000202 seconds.
  path: Assets/Scenes
  artifactKey: Guid(f5a60d80450dad943870d12e258c0eda) Importer(815301076,1909f56bfc062723c751e8b465ee728b)
Start importing Assets/Scenes using Guid(f5a60d80450dad943870d12e258c0eda) Importer(815301076,1909f56bfc062723c751e8b465ee728b)  -> (artifact id: 'b4523e5231b0b258f61e5d54dd8b8add') in 0.007941 seconds
  Import took 0.012049 seconds .

========================================================================
Received Import Request.
  Time since last request: 0.000214 seconds.
  path: Assets/Scenes/SampleScene.unity
  artifactKey: Guid(9fc0d4010bbf28b4594072e72b8655ab) Importer(815301076,1909f56bfc062723c751e8b465ee728b)
Start importing Assets/Scenes/SampleScene.unity using Guid(9fc0d4010bbf28b4594072e72b8655ab) Importer(815301076,1909f56bfc062723c751e8b465ee728b)  -> (artifact id: 'c4a83b38a365d84904922f3e40dcf4a6') in 0.007476 seconds
  Import took 0.011440 seconds .

========================================================================
Received Import Request.
  Time since last request: 0.000174 seconds.
  path: Assets/Scenes/Edmiller/Post Processing Profile.asset
  artifactKey: Guid(bfa5708a8b4934e499a170472a9b5a3d) Importer(815301076,1909f56bfc062723c751e8b465ee728b)
Start importing Assets/Scenes/Edmiller/Post Processing Profile.asset using Guid(bfa5708a8b4934e499a170472a9b5a3d) Importer(815301076,1909f56bfc062723c751e8b465ee728b)  -> (artifact id: '0af4b796cac618df1be876d9c5d7fd63') in 0.008849 seconds
  Import took 0.012575 seconds .

