Using pre-set license
Built from '2020.2/staging' branch; Version is '2020.2.3f1 (8ff31bc5bf5b) revision 9433883'; Using compiler version '192528614'; Build Type 'Release'
OS: 'Windows 10 Home; OS build 19044.1645; Version 2009; 64bit' Language: 'nl' Physical Memory: 16300 MB
BatchMode: 1, IsHumanControllingUs: 0, StartBugReporterOnCrash: 0, Is64bit: 1, IsPro: 0

 COMMAND LINE ARGUMENTS:
D:\Unity\2020.2.3f1\Editor\Unity.exe
-adb2
-batchMode
-noUpm
-name
AssetImportWorker0
-projectPath
D:/Space2.0
-logFile
Logs/AssetImportWorker0.log
-srvPort
58528
Successfully changed project path to: D:/Space2.0
D:/Space2.0
Using Asset Import Pipeline V2.
Refreshing native plugins compatible for Editor in 82.88 ms, found 0 plugins.
Preloading 0 native plugins for Editor in 0.00 ms.
Initialize engine version: 2020.2.3f1 (8ff31bc5bf5b)
[Subsystems] Discovering subsystems at path D:/Unity/2020.2.3f1/Editor/Data/Resources/UnitySubsystems
[Subsystems] Discovering subsystems at path D:/Space2.0/Assets
GfxDevice: creating device client; threaded=0
Direct3D:
    Version:  Direct3D 11.0 [level 11.1]
    Renderer: NVIDIA GeForce GTX 1050 (ID=0x1c8d)
    Vendor:   
    VRAM:     1979 MB
    Driver:   27.21.14.5730
Shader 'Universal Render Pipeline/Particles/Lit': fallback shader 'Universal Render Pipeline/Particles/SimpleLit' not found
Initialize mono
Mono path[0] = 'D:/Unity/2020.2.3f1/Editor/Data/Managed'
Mono path[1] = 'D:/Unity/2020.2.3f1/Editor/Data/MonoBleedingEdge/lib/mono/unityjit'
Mono config path = 'D:/Unity/2020.2.3f1/Editor/Data/MonoBleedingEdge/etc'
Using monoOptions --debugger-agent=transport=dt_socket,embedding=1,server=y,suspend=n,address=127.0.0.1:56308
Begin MonoManager ReloadAssembly
Registering precompiled unity dll's ...
Register platform support module: D:/Unity/2020.2.3f1/Editor/Data/PlaybackEngines/WindowsStandaloneSupport/UnityEditor.WindowsStandalone.Extensions.dll
Registered in 0.001305 seconds.
Native extension for WindowsStandalone target not found
Refreshing native plugins compatible for Editor in 75.40 ms, found 0 plugins.
Preloading 0 native plugins for Editor in 0.00 ms.
Invoked RoslynAnalysisRunner static constructor.
RoslynAnalysisRunner will not be running.
RoslynAnalysisRunner has terminated.
Mono: successfully reloaded assembly
- Completed reload, in  1.415 seconds
Platform modules already initialized, skipping
Registering precompiled user dll's ...
Registered in 0.002217 seconds.
Begin MonoManager ReloadAssembly
Native extension for WindowsStandalone target not found
Refreshing native plugins compatible for Editor in 82.61 ms, found 0 plugins.
Preloading 0 native plugins for Editor in 0.00 ms.
Invoked RoslynAnalysisRunner static constructor.
RoslynAnalysisRunner will not be running.
RoslynAnalysisRunner has terminated.
Mono: successfully reloaded assembly
- Completed reload, in  1.822 seconds
Platform modules already initialized, skipping
========================================================================
Worker process is ready to serve import requests
Shader 'Universal Render Pipeline/Particles/Lit': fallback shader 'Universal Render Pipeline/Particles/SimpleLit' not found
Launched and connected shader compiler UnityShaderCompiler.exe after 0.20 seconds
Refreshing native plugins compatible for Editor in 0.99 ms, found 0 plugins.
Preloading 0 native plugins for Editor in 0.00 ms.
Unloading 2840 Unused Serialized files (Serialized files now loaded: 0)
System memory in use before: 144.7 MB.
System memory in use after: 144.9 MB.

Unloading 91 unused Assets to reduce memory usage. Loaded Objects now: 3300.
Total: 4.859600 ms (FindLiveObjects: 0.546200 ms CreateObjectMapping: 0.333800 ms MarkObjects: 3.723700 ms  DeleteObjects: 0.253500 ms)

========================================================================
Received Import Request.
  path: Assets/Settings/ColorFinnisgay.asset
  artifactKey: Guid(42fc3226264ddd544ab4dee70f9d526a) Importer(815301076,1909f56bfc062723c751e8b465ee728b)
Start importing Assets/Settings/ColorFinnisgay.asset using Guid(42fc3226264ddd544ab4dee70f9d526a) Importer(815301076,1909f56bfc062723c751e8b465ee728b)  -> (artifact id: 'a1d3b100f8a39cc24240097357e08599') in 0.481150 seconds
  Import took 0.606666 seconds .

========================================================================
Received Import Request.
  Time since last request: 0.010519 seconds.
  path: Assets/Settings/ShapeFinnisgay.asset
  artifactKey: Guid(5d0e945c90109fc4c8e977c2ece53fde) Importer(815301076,1909f56bfc062723c751e8b465ee728b)
Start importing Assets/Settings/ShapeFinnisgay.asset using Guid(5d0e945c90109fc4c8e977c2ece53fde) Importer(815301076,1909f56bfc062723c751e8b465ee728b)  -> (artifact id: 'dfe28ea93f851e2af41c43ac4ec63ba7') in 0.017752 seconds
  Import took 0.170593 seconds .

========================================================================
Received Import Request.
  Time since last request: 0.000373 seconds.
  path: Assets/Settings/ColorNidol.asset
  artifactKey: Guid(4b79753a05a3a5a42a358ce5ce94f056) Importer(815301076,1909f56bfc062723c751e8b465ee728b)
Start importing Assets/Settings/ColorNidol.asset using Guid(4b79753a05a3a5a42a358ce5ce94f056) Importer(815301076,1909f56bfc062723c751e8b465ee728b)  -> (artifact id: 'f35ebf0f5c1017edf99487fe3827f990') in 0.071063 seconds
  Import took 0.145429 seconds .

========================================================================
Received Prepare
Registering precompiled user dll's ...
Registered in 0.003391 seconds.
Begin MonoManager ReloadAssembly
Native extension for WindowsStandalone target not found
Refreshing native plugins compatible for Editor in 0.66 ms, found 0 plugins.
Preloading 0 native plugins for Editor in 0.00 ms.
Warning: Annotation not found!
UnityEngine.StackTraceUtility:ExtractStackTrace ()
UnityEditor.ProBuilder.EditorUtility:SetGizmoIconEnabled (System.Type,bool) (at Library/PackageCache/com.unity.probuilder@4.4.0/Editor/EditorCore/EditorUtility.cs:593)
UnityEditor.ProBuilder.HierarchyListener:.cctor () (at Library/PackageCache/com.unity.probuilder@4.4.0/Editor/EditorCore/HierarchyListener.cs:21)
System.Runtime.CompilerServices.RuntimeHelpers:RunClassConstructor (System.RuntimeTypeHandle)
UnityEditor.EditorAssemblies:ProcessInitializeOnLoadAttributes (System.Type[])

[Library/PackageCache/com.unity.probuilder@4.4.0/Editor/EditorCore/EditorUtility.cs line 593]

Invoked RoslynAnalysisRunner static constructor.
RoslynAnalysisRunner will not be running.
RoslynAnalysisRunner has terminated.
Mono: successfully reloaded assembly
- Completed reload, in  1.910 seconds
Platform modules already initialized, skipping
Shader 'Universal Render Pipeline/Particles/Lit': fallback shader 'Universal Render Pipeline/Particles/SimpleLit' not found
Refreshing native plugins compatible for Editor in 0.57 ms, found 0 plugins.
Preloading 0 native plugins for Editor in 0.00 ms.
Unloading 2700 Unused Serialized files (Serialized files now loaded: 0)
System memory in use before: 136.8 MB.
System memory in use after: 136.9 MB.

Unloading 9 unused Assets to reduce memory usage. Loaded Objects now: 3302.
Total: 10.602500 ms (FindLiveObjects: 1.367600 ms CreateObjectMapping: 0.999100 ms MarkObjects: 7.452000 ms  DeleteObjects: 0.779900 ms)

AssetImportWorkerClient::OnTransportError - code=2 error=End of file
