Using pre-set license
Built from '2020.2/staging' branch; Version is '2020.2.3f1 (8ff31bc5bf5b) revision 9433883'; Using compiler version '192528614'; Build Type 'Release'
OS: 'Windows 10 Home; OS build 19044.1645; Version 2009; 64bit' Language: 'nl' Physical Memory: 16300 MB
BatchMode: 1, IsHumanControllingUs: 0, StartBugReporterOnCrash: 0, Is64bit: 1, IsPro: 0

 COMMAND LINE ARGUMENTS:
D:\Unity\2020.2.3f1\Editor\Unity.exe
-adb2
-batchMode
-noUpm
-name
AssetImportWorker1
-projectPath
D:/Space2.0
-logFile
Logs/AssetImportWorker1.log
-srvPort
64686
Successfully changed project path to: D:/Space2.0
D:/Space2.0
Using Asset Import Pipeline V2.
Refreshing native plugins compatible for Editor in 59.75 ms, found 0 plugins.
Preloading 0 native plugins for Editor in 0.00 ms.
Initialize engine version: 2020.2.3f1 (8ff31bc5bf5b)
[Subsystems] Discovering subsystems at path D:/Unity/2020.2.3f1/Editor/Data/Resources/UnitySubsystems
[Subsystems] Discovering subsystems at path D:/Space2.0/Assets
GfxDevice: creating device client; threaded=0
Direct3D:
    Version:  Direct3D 11.0 [level 11.1]
    Renderer: NVIDIA GeForce GTX 1050 (ID=0x1c8d)
    Vendor:   
    VRAM:     1979 MB
    Driver:   27.21.14.5730
Shader 'Universal Render Pipeline/Particles/Lit': fallback shader 'Universal Render Pipeline/Particles/SimpleLit' not found
Initialize mono
Mono path[0] = 'D:/Unity/2020.2.3f1/Editor/Data/Managed'
Mono path[1] = 'D:/Unity/2020.2.3f1/Editor/Data/MonoBleedingEdge/lib/mono/unityjit'
Mono config path = 'D:/Unity/2020.2.3f1/Editor/Data/MonoBleedingEdge/etc'
Using monoOptions --debugger-agent=transport=dt_socket,embedding=1,server=y,suspend=n,address=127.0.0.1:56196
Begin MonoManager ReloadAssembly
Registering precompiled unity dll's ...
Register platform support module: D:/Unity/2020.2.3f1/Editor/Data/PlaybackEngines/WindowsStandaloneSupport/UnityEditor.WindowsStandalone.Extensions.dll
Registered in 0.001885 seconds.
Native extension for WindowsStandalone target not found
Refreshing native plugins compatible for Editor in 58.40 ms, found 0 plugins.
Preloading 0 native plugins for Editor in 0.00 ms.
Invoked RoslynAnalysisRunner static constructor.
RoslynAnalysisRunner will not be running.
RoslynAnalysisRunner has terminated.
Mono: successfully reloaded assembly
- Completed reload, in  1.084 seconds
Platform modules already initialized, skipping
Registering precompiled user dll's ...
Registered in 0.001305 seconds.
Begin MonoManager ReloadAssembly
Native extension for WindowsStandalone target not found
Refreshing native plugins compatible for Editor in 62.02 ms, found 0 plugins.
Preloading 0 native plugins for Editor in 0.00 ms.
Invoked RoslynAnalysisRunner static constructor.
RoslynAnalysisRunner will not be running.
RoslynAnalysisRunner has terminated.
Mono: successfully reloaded assembly
- Completed reload, in  1.373 seconds
Platform modules already initialized, skipping
========================================================================
Worker process is ready to serve import requests
Shader 'Universal Render Pipeline/Particles/Lit': fallback shader 'Universal Render Pipeline/Particles/SimpleLit' not found
Launched and connected shader compiler UnityShaderCompiler.exe after 0.23 seconds
Refreshing native plugins compatible for Editor in 0.54 ms, found 0 plugins.
Preloading 0 native plugins for Editor in 0.00 ms.
Unloading 2840 Unused Serialized files (Serialized files now loaded: 0)
System memory in use before: 144.7 MB.
System memory in use after: 144.9 MB.

Unloading 91 unused Assets to reduce memory usage. Loaded Objects now: 3300.
Total: 4.476400 ms (FindLiveObjects: 0.656200 ms CreateObjectMapping: 0.734800 ms MarkObjects: 2.852000 ms  DeleteObjects: 0.231300 ms)

========================================================================
Received Import Request.
  path: Assets/Settings/ColorFinnisgay.asset
  artifactKey: Guid(42fc3226264ddd544ab4dee70f9d526a) Importer(815301076,1909f56bfc062723c751e8b465ee728b)
Start importing Assets/Settings/ColorFinnisgay.asset using Guid(42fc3226264ddd544ab4dee70f9d526a) Importer(815301076,1909f56bfc062723c751e8b465ee728b)  -> (artifact id: 'b041ad235f7a66fa2355b29056e8d640') in 0.164059 seconds
  Import took 0.198460 seconds .

========================================================================
Received Import Request.
  Time since last request: 0.001057 seconds.
  path: Assets/Settings/ShapeVernus.asset
  artifactKey: Guid(7664c2872f315ed43ae8971c80912856) Importer(815301076,1909f56bfc062723c751e8b465ee728b)
Start importing Assets/Settings/ShapeVernus.asset using Guid(7664c2872f315ed43ae8971c80912856) Importer(815301076,1909f56bfc062723c751e8b465ee728b)  -> (artifact id: '32160a75fb1dd9e002bdd6beab9bea90') in 0.008694 seconds
  Import took 0.044953 seconds .

========================================================================
Received Import Request.
  Time since last request: 7.102412 seconds.
  path: Assets/Settings/ShapeFinnisgay.asset
  artifactKey: Guid(5d0e945c90109fc4c8e977c2ece53fde) Importer(815301076,1909f56bfc062723c751e8b465ee728b)
Start importing Assets/Settings/ShapeFinnisgay.asset using Guid(5d0e945c90109fc4c8e977c2ece53fde) Importer(815301076,1909f56bfc062723c751e8b465ee728b)  -> (artifact id: '16260e06d40fa66096ac02a1aeaf06c0') in 0.009136 seconds
  Import took 0.016220 seconds .

========================================================================
Received Import Request.
  Time since last request: 55.175599 seconds.
  path: Assets/Graphics/FinnisgayMaterial.mat
  artifactKey: Guid(f8e99aa5c58a7a94295c4d93096f7085) Importer(815301076,1909f56bfc062723c751e8b465ee728b)
Start importing Assets/Graphics/FinnisgayMaterial.mat using Guid(f8e99aa5c58a7a94295c4d93096f7085) Importer(815301076,1909f56bfc062723c751e8b465ee728b)  -> (artifact id: '484cd9e5ff2ef93c24d84830d4b88dd8') in 0.348398 seconds
  Import took 0.379383 seconds .

========================================================================
Received Import Request.
  Time since last request: 0.000388 seconds.
  path: Assets/Graphics/VernusMaterial.mat
  artifactKey: Guid(06ed877853245fb4dbd6cf14bf730faa) Importer(815301076,1909f56bfc062723c751e8b465ee728b)
Start importing Assets/Graphics/VernusMaterial.mat using Guid(06ed877853245fb4dbd6cf14bf730faa) Importer(815301076,1909f56bfc062723c751e8b465ee728b)  -> (artifact id: '5e4682d79e1a50a05780a02a9a1c782c') in 0.036608 seconds
  Import took 0.045415 seconds .

AssetImportWorkerClient::OnTransportError - code=2 error=End of file
